<?xml version="1.0" encoding="UTF-8"?>
<!-- Generated by org.testng.reporters.JUnitReportReporter -->
<testsuite hostname="DESKTOP-GOFLC1J" failures="0" tests="1" name="PS1" time="0.012" errors="0" timestamp="7 Sep 2023 19:49:22 GMT">
  <testcase classname="PS1" name="testRun" time="0.012"/>
</testsuite> <!-- PS1 -->
