<?xml version="1.0" encoding="UTF-8"?>
<!-- Generated by org.testng.reporters.JUnitReportReporter -->
<testsuite hostname="DESKTOP-GOFLC1J" failures="0" tests="1" name="cucumber.TestNGTestRunner" time="15.345" errors="0" timestamp="2023-09-13T04:40:08 EDT" skipped="0">
  <testcase classname="cucumber.TestNGTestRunner" name="runScenario" time="15.345"/>
</testsuite> <!-- cucumber.TestNGTestRunner -->
