<?xml version="1.0" encoding="UTF-8"?>
<!-- Generated by org.testng.reporters.JUnitReportReporter -->
<testsuite hostname="DESKTOP-GOFLC1J" failures="0" tests="1" name="rahulshettyacademy.tests.StandAloneTest" time="11.643" errors="0" timestamp="2023-09-12T17:04:44 EDT" skipped="0">
  <testcase classname="rahulshettyacademy.tests.StandAloneTest" name="submitOrder" time="11.643"/>
</testsuite> <!-- rahulshettyacademy.tests.StandAloneTest -->
