<?xml version="1.0" encoding="UTF-8"?>
<!-- Generated by org.testng.reporters.JUnitReportReporter -->
<testsuite hostname="DESKTOP-GOFLC1J" failures="0" tests="6" name="test.day3" time="0.008" errors="0" timestamp="2023-09-07T13:21:43 EDT" skipped="1">
  <testcase classname="test.day3" name="datatest" time="0.002"/>
  <testcase classname="test.day3" name="datatest" time="0.001"/>
  <testcase classname="test.day3" name="datatest" time="0.001"/>
  <testcase classname="test.day3" name="MobileLogin" time="0.002"/>
  <testcase classname="test.day3" name="Weblogin" time="0.002"/>
  <testcase classname="test.day3" name="APILogin">
    <skipped/>
  </testcase> <!-- APILogin -->
</testsuite> <!-- test.day3 -->
