<?xml version="1.0" encoding="UTF-8"?>
<!-- Generated by org.testng.reporters.JUnitReportReporter -->
<testsuite hostname="DESKTOP-GOFLC1J" failures="0" tests="2" name="dayone" time="0.012" errors="0" timestamp="2023-09-06T15:20:32 EDT" skipped="0">
  <testcase classname="dayone" name="Demo" time="0.011"/>
  <testcase classname="dayone" name="Demo2" time="0.001"/>
</testsuite> <!-- dayone -->
