<?xml version="1.0" encoding="UTF-8"?>
<!-- Generated by org.testng.reporters.JUnitReportReporter -->
<testsuite hostname="DESKTOP-GOFLC1J" failures="0" tests="1" name="rahulshettyacademy.ExtentReports.ExtentReportDemo" time="8.021" errors="0" timestamp="2023-09-12T11:44:27 EDT" skipped="0">
  <testcase classname="rahulshettyacademy.ExtentReports.ExtentReportDemo" name="InitialDemo" time="8.021"/>
</testsuite> <!-- rahulshettyacademy.ExtentReports.ExtentReportDemo -->
